# JRE version: Java(TM) SE Runtime Environment (17.0.12+8) (build 17.0.12+8-LTS-286)
# Java VM: Java HotSpot(TM) 64-Bit Server VM (17.0.12+8-LTS-286, mixed mode, emulated-client, sharing, tiered, compressed oops, compressed class ptrs, g1 gc, windows-amd64)
GC Precious Log:
 CPUs: 8 total, 8 available
 Memory: 15761M
 Large Page Support: Disabled
 NUMA Support: Disabled
 Compressed Oops: Enabled (Zero based)
 Heap Region Size: 2M
 Heap Min Capacity: 8M
 Heap Initial Capacity: 248M
 Heap Max Capacity: 3942M
 Pre-touch: Disabled
 Parallel Workers: 8
 Concurrent Workers: 2
 Concurrent Refinement Workers: 8
 Periodic GC: Disabled
Heap:
 garbage-first heap   total 102400K, used 33968K [0x0000000709a00000, 0x0000000800000000)
  region size 2048K, 7 young (14336K), 4 survivors (8192K)
 Metaspace       used 40242K, committed 40832K, reserved 1114112K
  class space    used 5589K, committed 5888K, reserved 1048576K
GC Heap History (16 events):
Event: 0.591 GC heap before
{Heap before GC invocations=0 (full 0):
 garbage-first heap   total 253952K, used 20480K [0x0000000709a00000, 0x0000000800000000)
  region size 2048K, 11 young (22528K), 0 survivors (0K)
 Metaspace       used 6547K, committed 6784K, reserved 1114112K
  class space    used 816K, committed 896K, reserved 1048576K
}
Event: 0.596 GC heap after
{Heap after GC invocations=1 (full 0):
 garbage-first heap   total 253952K, used 7997K [0x0000000709a00000, 0x0000000800000000)
  region size 2048K, 2 young (4096K), 2 survivors (4096K)
 Metaspace       used 6547K, committed 6784K, reserved 1114112K
  class space    used 816K, committed 896K, reserved 1048576K
}
Event: 0.815 GC heap before
{Heap before GC invocations=1 (full 0):
 garbage-first heap   total 253952K, used 28477K [0x0000000709a00000, 0x0000000800000000)
  region size 2048K, 13 young (26624K), 2 survivors (4096K)
 Metaspace       used 8971K, committed 9216K, reserved 1114112K
  class space    used 1101K, committed 1216K, reserved 1048576K
}
Event: 0.822 GC heap after
{Heap after GC invocations=2 (full 0):
 garbage-first heap   total 253952K, used 17265K [0x0000000709a00000, 0x0000000800000000)
  region size 2048K, 2 young (4096K), 2 survivors (4096K)
 Metaspace       used 8971K, committed 9216K, reserved 1114112K
  class space    used 1101K, committed 1216K, reserved 1048576K
}
Event: 1.257 GC heap before
{Heap before GC invocations=2 (full 0):
 garbage-first heap   total 253952K, used 50033K [0x0000000709a00000, 0x0000000800000000)
  region size 2048K, 18 young (36864K), 2 survivors (4096K)
 Metaspace       used 15794K, committed 16192K, reserved 1114112K
  class space    used 2065K, committed 2240K, reserved 1048576K
}
Event: 1.261 GC heap after
{Heap after GC invocations=3 (full 0):
 garbage-first heap   total 253952K, used 21202K [0x0000000709a00000, 0x0000000800000000)
  region size 2048K, 2 young (4096K), 2 survivors (4096K)
 Metaspace       used 15794K, committed 16192K, reserved 1114112K
  class space    used 2065K, committed 2240K, reserved 1048576K
}
Event: 5.252 GC heap before
{Heap before GC invocations=3 (full 0):
 garbage-first heap   total 253952K, used 53970K [0x0000000709a00000, 0x0000000800000000)
  region size 2048K, 19 young (38912K), 2 survivors (4096K)
 Metaspace       used 21167K, committed 21568K, reserved 1114112K
  class space    used 2839K, committed 3008K, reserved 1048576K
}
Event: 5.256 GC heap after
{Heap after GC invocations=4 (full 0):
 garbage-first heap   total 253952K, used 22742K [0x0000000709a00000, 0x0000000800000000)
  region size 2048K, 3 young (6144K), 3 survivors (6144K)
 Metaspace       used 21167K, committed 21568K, reserved 1114112K
  class space    used 2839K, committed 3008K, reserved 1048576K
}
Event: 5.858 GC heap before
{Heap before GC invocations=5 (full 0):
 garbage-first heap   total 96256K, used 78038K [0x0000000709a00000, 0x0000000800000000)
  region size 2048K, 32 young (65536K), 3 survivors (6144K)
 Metaspace       used 27733K, committed 28224K, reserved 1114112K
  class space    used 3701K, committed 3904K, reserved 1048576K
}
Event: 5.867 GC heap after
{Heap after GC invocations=6 (full 0):
 garbage-first heap   total 96256K, used 26199K [0x0000000709a00000, 0x0000000800000000)
  region size 2048K, 4 young (8192K), 4 survivors (8192K)
 Metaspace       used 27733K, committed 28224K, reserved 1114112K
  class space    used 3701K, committed 3904K, reserved 1048576K
}
Event: 5.891 GC heap before
{Heap before GC invocations=6 (full 0):
 garbage-first heap   total 96256K, used 28247K [0x0000000709a00000, 0x0000000800000000)
  region size 2048K, 5 young (10240K), 4 survivors (8192K)
 Metaspace       used 27891K, committed 28352K, reserved 1114112K
  class space    used 3719K, committed 3904K, reserved 1048576K
}
Event: 5.901 GC heap after
{Heap after GC invocations=7 (full 0):
 garbage-first heap   total 96256K, used 23739K [0x0000000709a00000, 0x0000000800000000)
  region size 2048K, 1 young (2048K), 1 survivors (2048K)
 Metaspace       used 27891K, committed 28352K, reserved 1114112K
  class space    used 3719K, committed 3904K, reserved 1048576K
}
Event: 6.663 GC heap before
{Heap before GC invocations=7 (full 0):
 garbage-first heap   total 96256K, used 66747K [0x0000000709a00000, 0x0000000800000000)
  region size 2048K, 22 young (45056K), 1 survivors (2048K)
 Metaspace       used 31765K, committed 32256K, reserved 1114112K
  class space    used 4313K, committed 4544K, reserved 1048576K
}
Event: 6.671 GC heap after
{Heap after GC invocations=8 (full 0):
 garbage-first heap   total 192512K, used 25335K [0x0000000709a00000, 0x0000000800000000)
  region size 2048K, 2 young (4096K), 2 survivors (4096K)
 Metaspace       used 31765K, committed 32256K, reserved 1114112K
  class space    used 4313K, committed 4544K, reserved 1048576K
}
Event: 8.341 GC heap before
{Heap before GC invocations=9 (full 0):
 garbage-first heap   total 102400K, used 82679K [0x0000000709a00000, 0x0000000800000000)
  region size 2048K, 30 young (61440K), 2 survivors (4096K)
 Metaspace       used 39363K, committed 39936K, reserved 1114112K
  class space    used 5418K, committed 5696K, reserved 1048576K
}
Event: 8.347 GC heap after
{Heap after GC invocations=10 (full 0):
 garbage-first heap   total 102400K, used 29872K [0x0000000709a00000, 0x0000000800000000)
  region size 2048K, 4 young (8192K), 4 survivors (8192K)
 Metaspace       used 39363K, committed 39936K, reserved 1114112K
  class space    used 5418K, committed 5696K, reserved 1048576K
}

