# JRE version: Java(TM) SE Runtime Environment (17.0.12+8) (build 17.0.12+8-LTS-286)
# Java VM: Java HotSpot(TM) 64-Bit Server VM (17.0.12+8-LTS-286, mixed mode, emulated-client, sharing, tiered, compressed oops, compressed class ptrs, g1 gc, windows-amd64)
GC Precious Log:
 CPUs: 8 total, 8 available
 Memory: 15761M
 Large Page Support: Disabled
 NUMA Support: Disabled
 Compressed Oops: Enabled (Zero based)
 Heap Region Size: 2M
 Heap Min Capacity: 8M
 Heap Initial Capacity: 248M
 Heap Max Capacity: 3942M
 Pre-touch: Disabled
 Parallel Workers: 8
 Concurrent Workers: 2
 Concurrent Refinement Workers: 8
 Periodic GC: Disabled
Heap:
 garbage-first heap   total 96256K, used 25119K [0x0000000709a00000, 0x0000000800000000)
  region size 2048K, 2 young (4096K), 2 survivors (4096K)
 Metaspace       used 31562K, committed 32000K, reserved 1114112K
  class space    used 4294K, committed 4480K, reserved 1048576K
GC Heap History (13 events):
Event: 0.575 GC heap before
{Heap before GC invocations=0 (full 0):
 garbage-first heap   total 253952K, used 20480K [0x0000000709a00000, 0x0000000800000000)
  region size 2048K, 11 young (22528K), 0 survivors (0K)
 Metaspace       used 6475K, committed 6720K, reserved 1114112K
  class space    used 807K, committed 896K, reserved 1048576K
}
Event: 0.580 GC heap after
{Heap after GC invocations=1 (full 0):
 garbage-first heap   total 253952K, used 7374K [0x0000000709a00000, 0x0000000800000000)
  region size 2048K, 2 young (4096K), 2 survivors (4096K)
 Metaspace       used 6475K, committed 6720K, reserved 1114112K
  class space    used 807K, committed 896K, reserved 1048576K
}
Event: 0.775 GC heap before
{Heap before GC invocations=1 (full 0):
 garbage-first heap   total 253952K, used 27854K [0x0000000709a00000, 0x0000000800000000)
  region size 2048K, 13 young (26624K), 2 survivors (4096K)
 Metaspace       used 8971K, committed 9216K, reserved 1114112K
  class space    used 1102K, committed 1216K, reserved 1048576K
}
Event: 0.780 GC heap after
{Heap after GC invocations=2 (full 0):
 garbage-first heap   total 253952K, used 18354K [0x0000000709a00000, 0x0000000800000000)
  region size 2048K, 2 young (4096K), 2 survivors (4096K)
 Metaspace       used 8971K, committed 9216K, reserved 1114112K
  class space    used 1102K, committed 1216K, reserved 1048576K
}
Event: 1.286 GC heap before
{Heap before GC invocations=2 (full 0):
 garbage-first heap   total 253952K, used 53170K [0x0000000709a00000, 0x0000000800000000)
  region size 2048K, 19 young (38912K), 2 survivors (4096K)
 Metaspace       used 16417K, committed 16768K, reserved 1114112K
  class space    used 2141K, committed 2304K, reserved 1048576K
}
Event: 1.290 GC heap after
{Heap after GC invocations=3 (full 0):
 garbage-first heap   total 253952K, used 20290K [0x0000000709a00000, 0x0000000800000000)
  region size 2048K, 2 young (4096K), 2 survivors (4096K)
 Metaspace       used 16417K, committed 16768K, reserved 1114112K
  class space    used 2141K, committed 2304K, reserved 1048576K
}
Event: 4.478 GC heap before
{Heap before GC invocations=3 (full 0):
 garbage-first heap   total 253952K, used 46914K [0x0000000709a00000, 0x0000000800000000)
  region size 2048K, 16 young (32768K), 2 survivors (4096K)
 Metaspace       used 21161K, committed 21504K, reserved 1114112K
  class space    used 2835K, committed 3008K, reserved 1048576K
}
Event: 4.482 GC heap after
{Heap after GC invocations=4 (full 0):
 garbage-first heap   total 253952K, used 21697K [0x0000000709a00000, 0x0000000800000000)
  region size 2048K, 3 young (6144K), 3 survivors (6144K)
 Metaspace       used 21161K, committed 21504K, reserved 1114112K
  class space    used 2835K, committed 3008K, reserved 1048576K
}
Event: 5.220 GC heap before
{Heap before GC invocations=5 (full 0):
 garbage-first heap   total 96256K, used 72897K [0x0000000709a00000, 0x0000000800000000)
  region size 2048K, 30 young (61440K), 3 survivors (6144K)
 Metaspace       used 27628K, committed 28096K, reserved 1114112K
  class space    used 3680K, committed 3904K, reserved 1048576K
}
Event: 5.228 GC heap after
{Heap after GC invocations=6 (full 0):
 garbage-first heap   total 96256K, used 24843K [0x0000000709a00000, 0x0000000800000000)
  region size 2048K, 4 young (8192K), 4 survivors (8192K)
 Metaspace       used 27628K, committed 28096K, reserved 1114112K
  class space    used 3680K, committed 3904K, reserved 1048576K
}
Event: 5.257 GC heap before
{Heap before GC invocations=6 (full 0):
 garbage-first heap   total 96256K, used 26891K [0x0000000709a00000, 0x0000000800000000)
  region size 2048K, 5 young (10240K), 4 survivors (8192K)
 Metaspace       used 27667K, committed 28160K, reserved 1114112K
  class space    used 3689K, committed 3904K, reserved 1048576K
}
Event: 5.267 GC heap after
{Heap after GC invocations=7 (full 0):
 garbage-first heap   total 96256K, used 23310K [0x0000000709a00000, 0x0000000800000000)
  region size 2048K, 1 young (2048K), 1 survivors (2048K)
 Metaspace       used 27667K, committed 28160K, reserved 1114112K
  class space    used 3689K, committed 3904K, reserved 1048576K
}
Event: 6.459 GC heap before
{Heap before GC invocations=7 (full 0):
 garbage-first heap   total 96256K, used 66318K [0x0000000709a00000, 0x0000000800000000)
  region size 2048K, 22 young (45056K), 1 survivors (2048K)
 Metaspace       used 31562K, committed 32000K, reserved 1114112K
  class space    used 4294K, committed 4480K, reserved 1048576K
}

